2025-04-26 23:08:32 - تم بدء معالجة تسجيل الدخول
2025-04-26 23:08:32 - تم استلام طلب تسجيل الدخول
2025-04-26 23:08:32 - بيانات المستخدم: sohaib23
2025-04-26 23:08:32 - تم الاتصال بقاعدة البيانات بنجاح
2025-04-26 23:08:32 - تم العثور على المستخدم في قاعدة البيانات
2025-04-26 23:08:32 - تسجيل الدخول ناجح
2025-04-26 23:08:32 - محاولة الانتقال إلى الصفحة الرئيسية
2025-04-26 23:14:01 - تم بدء معالجة تسجيل الدخول
2025-04-26 23:14:01 - تم استلام طلب تسجيل الدخول
2025-04-26 23:14:01 - بيانات المستخدم: Sohaib21
2025-04-26 23:14:01 - تم الاتصال بقاعدة البيانات بنجاح
2025-04-26 23:14:01 - لم يتم العثور على المستخدم في قاعدة البيانات
2025-04-26 23:14:14 - تم بدء معالجة تسجيل الدخول
2025-04-26 23:14:14 - تم استلام طلب تسجيل الدخول
2025-04-26 23:14:14 - بيانات المستخدم: Sohaib23
2025-04-26 23:14:14 - تم الاتصال بقاعدة البيانات بنجاح
2025-04-26 23:14:14 - تم العثور على المستخدم في قاعدة البيانات
2025-04-26 23:14:14 - تسجيل الدخول ناجح
2025-04-26 23:14:14 - محاولة الانتقال إلى الصفحة الرئيسية
2025-04-26 23:43:41 - تم بدء معالجة تسجيل الدخول
2025-04-26 23:43:41 - تم استلام طلب تسجيل الدخول
2025-04-26 23:43:41 - بيانات المستخدم: sohaib23
2025-04-26 23:43:41 - تم الاتصال بقاعدة البيانات بنجاح
2025-04-26 23:43:41 - تم العثور على المستخدم في قاعدة البيانات
2025-04-26 23:43:41 - تسجيل الدخول ناجح
2025-04-26 23:43:41 - محاولة الانتقال إلى الصفحة الرئيسية
2025-04-26 23:52:31 - تم بدء معالجة تسجيل الدخول
2025-04-26 23:52:31 - تم استلام طلب تسجيل الدخول
2025-04-26 23:52:31 - بيانات المستخدم: sohaib23
2025-04-26 23:52:31 - تم الاتصال بقاعدة البيانات بنجاح
2025-04-26 23:52:31 - تم العثور على المستخدم في قاعدة البيانات
2025-04-26 23:52:31 - تسجيل الدخول ناجح
2025-04-26 23:52:31 - محاولة الانتقال إلى الصفحة الرئيسية
2025-04-27 01:04:41 - تم بدء معالجة تسجيل الدخول
2025-04-27 01:04:41 - تم استلام طلب تسجيل الدخول
2025-04-27 01:04:41 - بيانات المستخدم: sohaib23
2025-04-27 01:04:41 - تم الاتصال بقاعدة البيانات بنجاح
2025-04-27 01:04:41 - تم العثور على المستخدم في قاعدة البيانات
2025-04-27 01:04:41 - تسجيل الدخول ناجح
2025-04-27 01:04:41 - محاولة الانتقال إلى الصفحة الرئيسية
2025-04-27 01:45:55 - تم بدء معالجة تسجيل الدخول
2025-04-27 01:45:55 - تم استلام طلب تسجيل الدخول
2025-04-27 01:45:55 - بيانات المستخدم: sohaib23
2025-04-27 01:45:55 - تم الاتصال بقاعدة البيانات بنجاح
2025-04-27 01:45:55 - تم العثور على المستخدم في قاعدة البيانات
2025-04-27 01:45:55 - تسجيل الدخول ناجح
2025-04-27 01:45:55 - محاولة الانتقال إلى الصفحة الرئيسية
2025-04-27 19:24:07 - تم بدء معالجة تسجيل الدخول
2025-04-27 19:24:07 - تم استلام طلب تسجيل الدخول
2025-04-27 19:24:07 - بيانات المستخدم: sohaib23
2025-04-27 19:24:07 - تم الاتصال بقاعدة البيانات بنجاح
2025-04-27 19:24:07 - تم العثور على المستخدم في قاعدة البيانات
2025-04-27 19:24:07 - تسجيل الدخول ناجح
2025-04-27 19:24:07 - محاولة الانتقال إلى الصفحة الرئيسية
2025-04-27 22:12:38 - تم بدء معالجة تسجيل الدخول
2025-04-27 22:12:38 - تم استلام طلب تسجيل الدخول
2025-04-27 22:12:38 - بيانات المستخدم: sohaib23
2025-04-27 22:12:38 - تم الاتصال بقاعدة البيانات بنجاح
2025-04-27 22:12:38 - لم يتم العثور على المستخدم في قاعدة البيانات
2025-04-28 01:47:51 - تم بدء معالجة تسجيل الدخول
2025-04-28 01:47:51 - تم استلام طلب تسجيل الدخول
2025-04-28 01:47:51 - بيانات المستخدم: sohaib23
2025-04-28 01:47:51 - تم الاتصال بقاعدة البيانات بنجاح
2025-04-28 01:47:51 - تم العثور على المستخدم في قاعدة البيانات
2025-04-28 01:47:51 - تسجيل الدخول ناجح
2025-04-28 01:47:51 - محاولة الانتقال إلى الصفحة الرئيسية
2025-04-29 04:24:44 - تم بدء معالجة تسجيل الدخول
2025-04-29 04:24:44 - تم استلام طلب تسجيل الدخول
2025-04-29 04:24:44 - بيانات المستخدم: sohaib23
2025-04-29 04:24:44 - تم الاتصال بقاعدة البيانات بنجاح
2025-04-29 04:24:44 - تم العثور على المستخدم في قاعدة البيانات
2025-04-29 04:24:44 - تسجيل الدخول ناجح
2025-04-29 04:24:44 - محاولة الانتقال إلى الصفحة الرئيسية
2025-04-29 07:01:23 - تم بدء معالجة تسجيل الدخول
2025-04-29 07:01:23 - تم استلام طلب تسجيل الدخول
2025-04-29 07:01:23 - بيانات المستخدم: sohaib23
2025-04-29 07:01:23 - تم الاتصال بقاعدة البيانات بنجاح
2025-04-29 07:01:23 - تم العثور على المستخدم في قاعدة البيانات
2025-04-29 07:01:23 - تسجيل الدخول ناجح
2025-04-29 07:01:23 - محاولة الانتقال إلى الصفحة الرئيسية
2025-04-29 07:49:52 - تم بدء معالجة تسجيل الدخول
2025-04-29 07:49:52 - تم استلام طلب تسجيل الدخول
2025-04-29 07:49:52 - بيانات المستخدم: sohaib23
2025-04-29 07:49:52 - تم الاتصال بقاعدة البيانات بنجاح
2025-04-29 07:49:52 - تم العثور على المستخدم في قاعدة البيانات
2025-04-29 07:49:52 - تسجيل الدخول ناجح
2025-04-29 07:49:52 - محاولة الانتقال إلى الصفحة الرئيسية
2025-04-29 08:17:17 - تم بدء معالجة تسجيل الدخول
2025-04-29 08:17:17 - تم استلام طلب تسجيل الدخول
2025-04-29 08:17:17 - بيانات المستخدم: sohaib23
2025-04-29 08:17:17 - تم الاتصال بقاعدة البيانات بنجاح
2025-04-29 08:17:17 - تم العثور على المستخدم في قاعدة البيانات
2025-04-29 08:17:17 - تسجيل الدخول ناجح
2025-04-29 08:17:17 - محاولة الانتقال إلى الصفحة الرئيسية
2025-05-06 19:13:22 - تم بدء معالجة تسجيل الدخول
2025-05-06 19:13:22 - تم استلام طلب تسجيل الدخول
2025-05-06 19:13:22 - بيانات المستخدم: sohaib23
2025-05-06 19:13:22 - تم الاتصال بقاعدة البيانات بنجاح
2025-05-06 19:13:22 - تم العثور على المستخدم في قاعدة البيانات
2025-05-06 19:13:23 - تسجيل الدخول ناجح
2025-05-06 19:13:23 - محاولة الانتقال إلى الصفحة الرئيسية
2025-05-13 04:57:50 - تم بدء معالجة تسجيل الدخول
2025-05-13 04:57:50 - تم استلام طلب تسجيل الدخول
2025-05-13 04:57:50 - بيانات المستخدم: sohaib23
2025-05-13 04:57:50 - تم الاتصال بقاعدة البيانات بنجاح
2025-05-13 04:57:50 - تم العثور على المستخدم في قاعدة البيانات
2025-05-13 04:57:50 - تسجيل الدخول ناجح
2025-05-13 04:57:50 - محاولة الانتقال إلى الصفحة الرئيسية
2025-05-13 06:51:34 - تم بدء معالجة تسجيل الدخول
2025-05-13 06:51:34 - تم استلام طلب تسجيل الدخول
2025-05-13 06:51:34 - بيانات المستخدم: sohaib23
2025-05-13 06:51:34 - تم الاتصال بقاعدة البيانات بنجاح
2025-05-13 06:51:34 - تم العثور على المستخدم في قاعدة البيانات
2025-05-13 06:51:34 - تسجيل الدخول ناجح
2025-05-13 06:51:34 - محاولة الانتقال إلى الصفحة الرئيسية
2025-05-13 08:22:20 - تم بدء معالجة تسجيل الدخول
2025-05-13 08:22:20 - تم استلام طلب تسجيل الدخول
2025-05-13 08:22:20 - بيانات المستخدم: sohaib23
2025-05-13 08:22:20 - تم الاتصال بقاعدة البيانات بنجاح
2025-05-13 08:22:20 - تم العثور على المستخدم في قاعدة البيانات
2025-05-13 08:22:20 - كلمة المرور غير صحيحة
2025-05-13 08:22:34 - تم بدء معالجة تسجيل الدخول
2025-05-13 08:22:34 - تم استلام طلب تسجيل الدخول
2025-05-13 08:22:34 - بيانات المستخدم: sohaib23
2025-05-13 08:22:34 - تم الاتصال بقاعدة البيانات بنجاح
2025-05-13 08:22:34 - تم العثور على المستخدم في قاعدة البيانات
2025-05-13 08:22:34 - تسجيل الدخول ناجح
2025-05-13 08:22:34 - محاولة الانتقال إلى الصفحة الرئيسية
